Arguments: 
  D:\Program Files\nodejs\node.exe C:\Program Files (x86)\bin\yarn.js

PATH: 
  D:\xampp\htdocs\vue\node_modules\.bin;D:\xampp\htdocs\node_modules\.bin;D:\xampp\node_modules\.bin;D:\node_modules\.bin;D:\Program Files\nodejs;C:\Users\Issam\AppData\Roaming\npm-cache\_npx\1264;D:\Program Files\nodejs;C:\Program Files (x86)\Common Files\Intel\Shared Libraries\redist\intel64\compiler;C:\WINDOWS\system32;C:\WINDOWS;C:\WINDOWS\System32\Wbem;C:\WINDOWS\System32\WindowsPowerShell\v1.0\;C:\WINDOWS\System32\OpenSSH\;D:\xampp\php;D:\Program Files;D:\Program Files\nodejs\;C:\Program Files (x86)\bin\;C:\Users\Issam\AppData\Local\Microsoft\WindowsApps;C:\Users\Issam\AppData\Roaming\npm;C:\Users\Issam\AppData\Local\Yarn\bin

Yarn version: 
  1.22.5

Node version: 
  12.18.3

Platform: 
  win32 x64

Trace: 
  Error: [2K[1Ghttps://registry.yarnpkg.com/@vue%2fcli-plugin-babel: Invalid URI "[2K[1Ghttps://registry.yarnpkg.com/@vue%2fcli-plugin-babel"
      at Request.module.exports.Request.init (C:\Program Files (x86)\lib\cli.js:140837:31)
      at new Request (C:\Program Files (x86)\lib\cli.js:140691:8)
      at request (C:\Program Files (x86)\lib\cli.js:137597:10)
      at RequestManager.execute (C:\Program Files (x86)\lib\cli.js:66149:15)
      at RequestManager.shiftQueue (C:\Program Files (x86)\lib\cli.js:66187:10)
      at C:\Program Files (x86)\lib\cli.js:65856:13
      at new Promise (<anonymous>)
      at new F (C:\Program Files (x86)\lib\cli.js:5301:28)
      at RequestManager.request (C:\Program Files (x86)\lib\cli.js:65854:19)
      at NpmRegistry.<anonymous> (C:\Program Files (x86)\lib\cli.js:31704:42)

npm manifest: 
  {
    "name": "vue",
    "version": "0.1.0",
    "private": true,
    "devDependencies": {
      "@vue/cli-plugin-babel": "~4.5.0",
      "@vue/cli-plugin-eslint": "~4.5.0",
      "@vue/cli-service": "~4.5.0"
    }
  }

yarn manifest: 
  No manifest

Lockfile: 
  No lockfile
